Arguments: 
  /Users/nohosh/.nvm/versions/node/v18.14.2/bin/node /Users/nohosh/.nvm/versions/node/v18.14.2/bin/yarn add -D @types/nodes

PATH: 
  /Users/nohosh/.nvm/versions/node/v18.14.2/bin:/usr/local/bin:/System/Cryptexes/App/usr/bin:/usr/bin:/bin:/usr/sbin:/sbin:/Users/nohosh/.nvm/versions/node/v18.14.2/bin

Yarn version: 
  1.22.19

Node version: 
  18.14.2

Platform: 
  darwin x64

Trace: 
  Error: https://registry.yarnpkg.com/@types%2fnodes: Not found
      at params.callback [as _callback] (/Users/nohosh/.nvm/versions/node/v18.14.2/lib/node_modules/yarn/lib/cli.js:66145:18)
      at self.callback (/Users/nohosh/.nvm/versions/node/v18.14.2/lib/node_modules/yarn/lib/cli.js:140890:22)
      at Request.emit (node:events:513:28)
      at Request.<anonymous> (/Users/nohosh/.nvm/versions/node/v18.14.2/lib/node_modules/yarn/lib/cli.js:141862:10)
      at Request.emit (node:events:513:28)
      at IncomingMessage.<anonymous> (/Users/nohosh/.nvm/versions/node/v18.14.2/lib/node_modules/yarn/lib/cli.js:141784:12)
      at Object.onceWrapper (node:events:627:28)
      at IncomingMessage.emit (node:events:525:35)
      at endReadableNT (node:internal/streams/readable:1359:12)
      at process.processTicksAndRejections (node:internal/process/task_queues:82:21)

npm manifest: 
  {
    "name": "posts-app",
    "version": "1.0.0",
    "main": "index.js",
    "author": "Sanchit <43117486+nohosh@users.noreply.github.com>",
    "license": "MIT",
    "dependencies": {
      "typescript": "^4.9.5"
    },
    "devDependencies": {
      "@tsconfig/node18": "^1.0.1"
    }
  }

yarn manifest: 
  No manifest

Lockfile: 
  # THIS IS AN AUTOGENERATED FILE. DO NOT EDIT THIS FILE DIRECTLY.
  # yarn lockfile v1
  
  
  "@tsconfig/node18@^1.0.1":
    version "1.0.1"
    resolved "https://registry.yarnpkg.com/@tsconfig/node18/-/node18-1.0.1.tgz#ea5b375a9ead6b09ccbd70c3894ea069829ea1bb"
    integrity sha512-sNFeK6X2ATlhlvzyH4kKYQlfHXE2f2/wxtB9ClvYXevWpmwkUT7VaSrjIN9E76Qebz8qP5JOJJ9jD3QoD/Z9TA==
  
  typescript@^4.9.5:
    version "4.9.5"
    resolved "https://registry.yarnpkg.com/typescript/-/typescript-4.9.5.tgz#095979f9bcc0d09da324d58d03ce8f8374cbe65a"
    integrity sha512-1FXk9E2Hm+QzZQ7z+McJiHL4NW1F2EzMu9Nq9i3zAaGqibafqYwCVU6WyWAuyQRRzOlxou8xZSyXLEN8oKj24g==
